<?xml version="1.0" encoding="UTF-8"?>
<!-- Generated by org.testng.reporters.JUnitXMLReporter -->
<testsuite hostname="loadrunner-PC" name="SampleTest" tests="6" failures="0" timestamp="22 Mar 2016 12:10:42 GMT" time="16.126" errors="0">
  <testcase name="link" time="8.54" classname="com.testngtest.GoogleLinks"/>
  <testcase name="First" time="0.001" classname="com.testngtest.TestNgPrg"/>
  <testcase name="Second" time="0.0" classname="com.testngtest.TestNgPrg"/>
  <testcase name="Third" time="0.001" classname="com.testngtest.TestNgPrg"/>
  <testcase name="link" time="0.179" classname="com.testngtest.BeforeAfter"/>
  <testcase name="Gmail" time="0.011" classname="com.testngtest.MultipleTestNg"/>
</testsuite> <!-- SampleTest -->
