<?xml version="1.0" encoding="UTF-8"?>
<testng-results skipped="0" failed="0" total="1" passed="1">
  <reporter-output>
  </reporter-output>
  <suite name="Default suite" duration-ms="15792" started-at="2016-03-31T07:12:38Z" finished-at="2016-03-31T07:12:54Z">
    <groups>
    </groups>
    <test name="Default test" duration-ms="15792" started-at="2016-03-31T07:12:38Z" finished-at="2016-03-31T07:12:54Z">
      <class name="com.excel.LoginusingKeywords">
        <test-method status="PASS" signature="loginTest()[pri:0, instance:com.excel.LoginusingKeywords@a9e23aa]" name="loginTest" duration-ms="15740" started-at="2016-03-31T12:42:38Z" finished-at="2016-03-31T12:42:54Z">
          <reporter-output>
          </reporter-output>
        </test-method> <!-- loginTest -->
      </class> <!-- com.excel.LoginusingKeywords -->
    </test> <!-- Default test -->
  </suite> <!-- Default suite -->
</testng-results>
